<?xml version="1.0" encoding="UTF-8"?>
<!-- Generated by org.testng.reporters.JUnitXMLReporter -->
<testsuite ignored="0" hostname="DESKTOP-VBRUKDA" failures="0" tests="5" name="PrihealthTest" time="0.163" errors="0" timestamp="2023-05-02T21:47:29 IST">
  <testcase classname="com.prihealth.qa.testcases.LoginpageTest" name="@BeforeMethod setup" time="0.006">
    <failure type="java.lang.NullPointerException" message="Cannot invoke &amp;quot;org.openqa.selenium.WebDriver.manage()&amp;quot; because &amp;quot;com.prihealth.qa.base.TestBase.driver&amp;quot; is null">
      <![CDATA[java.lang.NullPointerException: Cannot invoke "org.openqa.selenium.WebDriver.manage()" because "com.prihealth.qa.base.TestBase.driver" is null
at com.prihealth.qa.base.TestBase.initilization(TestBase.java:50)
at com.prihealth.qa.testcases.LoginpageTest.setup(LoginpageTest.java:27)
at java.base/java.util.ArrayList.forEach(ArrayList.java:1511)
... Removed 31 stack frames]]>
    </failure>
  </testcase> <!-- @BeforeMethod setup -->
  <testcase classname="com.prihealth.qa.testcases.LoginpageTest" name="@AfterMethod tearDown" time="-1.683044249316E9">
    <skipped/>
  </testcase> <!-- @AfterMethod tearDown -->
  <testcase classname="com.prihealth.qa.testcases.LoginpageTest" name="@BeforeMethod setup" time="-1.683044249326E9">
    <skipped/>
  </testcase> <!-- @BeforeMethod setup -->
  <testcase classname="com.prihealth.qa.testcases.LoginpageTest" name="@AfterMethod tearDown" time="-1.683044249339E9">
    <skipped/>
  </testcase> <!-- @AfterMethod tearDown -->
  <testcase classname="com.prihealth.qa.testcases.LoginpageTest" name="@BeforeMethod setup" time="-1.683044249343E9">
    <skipped/>
  </testcase> <!-- @BeforeMethod setup -->
  <testcase classname="com.prihealth.qa.testcases.LoginpageTest" name="@AfterMethod tearDown" time="-1.68304424935E9">
    <skipped/>
  </testcase> <!-- @AfterMethod tearDown -->
  <testcase classname="com.prihealth.qa.testcases.HomepageTest" name="@BeforeMethod setup" time="0.0">
    <failure type="java.lang.NullPointerException" message="Cannot invoke &amp;quot;org.openqa.selenium.WebDriver.manage()&amp;quot; because &amp;quot;com.prihealth.qa.base.TestBase.driver&amp;quot; is null">
      <![CDATA[java.lang.NullPointerException: Cannot invoke "org.openqa.selenium.WebDriver.manage()" because "com.prihealth.qa.base.TestBase.driver" is null
at com.prihealth.qa.base.TestBase.initilization(TestBase.java:50)
at com.prihealth.qa.testcases.HomepageTest.setup(HomepageTest.java:25)
at java.base/java.util.ArrayList.forEach(ArrayList.java:1511)
... Removed 31 stack frames]]>
    </failure>
  </testcase> <!-- @BeforeMethod setup -->
  <testcase classname="com.prihealth.qa.testcases.HomepageTest" name="@AfterMethod teardown" time="-1.683044249385E9">
    <skipped/>
  </testcase> <!-- @AfterMethod teardown -->
  <testcase classname="com.prihealth.qa.testcases.HomepageTest" name="@BeforeMethod setup" time="-1.68304424939E9">
    <skipped/>
  </testcase> <!-- @BeforeMethod setup -->
  <testcase classname="com.prihealth.qa.testcases.HomepageTest" name="@AfterMethod teardown" time="-1.683044249399E9">
    <skipped/>
  </testcase> <!-- @AfterMethod teardown -->
  <testcase classname="com.prihealth.qa.testcases.LoginpageTest" name="loginpagetitletest" time="0.0">
    <skipped/>
  </testcase> <!-- loginpagetitletest -->
  <testcase classname="com.prihealth.qa.testcases.LoginpageTest" name="loginpagelogotest" time="0.0">
    <skipped/>
  </testcase> <!-- loginpagelogotest -->
  <testcase classname="com.prihealth.qa.testcases.LoginpageTest" name="loginpagedetail" time="0.0">
    <skipped/>
  </testcase> <!-- loginpagedetail -->
  <testcase classname="com.prihealth.qa.testcases.HomepageTest" name="verifyhomepagetitletest" time="0.0">
    <skipped/>
  </testcase> <!-- verifyhomepagetitletest -->
  <testcase classname="com.prihealth.qa.testcases.HomepageTest" name="verifyusernametest" time="0.0">
    <skipped/>
  </testcase> <!-- verifyusernametest -->
</testsuite> <!-- PrihealthTest -->
